2004.04.21 16:30 A D:\My Documents\USIL\affiliate modules\new_vls\flash\15mnless.htm <-- Learn Spanish Today /home/webadmin/learnspanishtoday.com/html/new_vls/flash 15mnless.htm
2004.04.21 16:32 B D:\My Documents\USIL\affiliate modules\new_vls\flash\15mnless.swf <-- Learn Spanish Today /home/webadmin/learnspanishtoday.com/html/new_vls/flash 15mnless.swf
2004.04.21 16:32 A D:\My Documents\USIL\affiliate modules\new_vls\flash\about_program.htm <-- Learn Spanish Today /home/webadmin/learnspanishtoday.com/html/new_vls/flash about_program.htm
2004.04.21 16:32 A D:\My Documents\USIL\affiliate modules\new_vls\flash\advanced_demo.htm <-- Learn Spanish Today /home/webadmin/learnspanishtoday.com/html/new_vls/flash advanced_demo.htm
2004.04.21 16:33 B D:\My Documents\USIL\affiliate modules\new_vls\flash\advanced_demo.swf <-- Learn Spanish Today /home/webadmin/learnspanishtoday.com/html/new_vls/flash advanced_demo.swf
2004.04.21 16:33 A D:\My Documents\USIL\affiliate modules\new_vls\flash\bank.htm <-- Learn Spanish Today /home/webadmin/learnspanishtoday.com/html/new_vls/flash bank.htm
2004.04.21 16:33 B D:\My Documents\USIL\affiliate modules\new_vls\flash\bank.swf <-- Learn Spanish Today /home/webadmin/learnspanishtoday.com/html/new_vls/flash bank.swf
2004.04.21 16:33 A D:\My Documents\USIL\affiliate modules\new_vls\flash\colors.htm <-- Learn Spanish Today /home/webadmin/learnspanishtoday.com/html/new_vls/flash colors.htm
2004.04.21 16:33 B D:\My Documents\USIL\affiliate modules\new_vls\flash\colors.swf <-- Learn Spanish Today /home/webadmin/learnspanishtoday.com/html/new_vls/flash colors.swf
2004.04.21 16:33 A D:\My Documents\USIL\affiliate modules\new_vls\flash\daily_objects.htm <-- Learn Spanish Today /home/webadmin/learnspanishtoday.com/html/new_vls/flash daily_objects.htm
2004.04.21 16:33 B D:\My Documents\USIL\affiliate modules\new_vls\flash\daily_objects.swf <-- Learn Spanish Today /home/webadmin/learnspanishtoday.com/html/new_vls/flash daily_objects.swf
2004.04.21 16:33 A D:\My Documents\USIL\affiliate modules\new_vls\flash\free_cd.htm <-- Learn Spanish Today /home/webadmin/learnspanishtoday.com/html/new_vls/flash free_cd.htm
2004.04.21 16:33 A D:\My Documents\USIL\affiliate modules\new_vls\flash\free_cdrom2.htm <-- Learn Spanish Today /home/webadmin/learnspanishtoday.com/html/new_vls/flash free_cdrom2.htm
2004.04.21 16:33 A D:\My Documents\USIL\affiliate modules\new_vls\flash\guarantee.htm <-- Learn Spanish Today /home/webadmin/learnspanishtoday.com/html/new_vls/flash guarantee.htm
2004.04.21 16:33 A D:\My Documents\USIL\affiliate modules\new_vls\flash\locations.htm <-- Learn Spanish Today /home/webadmin/learnspanishtoday.com/html/new_vls/flash locations.htm
2004.04.21 16:34 B D:\My Documents\USIL\affiliate modules\new_vls\flash\locations.swf <-- Learn Spanish Today /home/webadmin/learnspanishtoday.com/html/new_vls/flash locations.swf
2004.04.21 16:34 A D:\My Documents\USIL\affiliate modules\new_vls\flash\more_spanish.htm <-- Learn Spanish Today /home/webadmin/learnspanishtoday.com/html/new_vls/flash more_spanish.htm
2004.04.21 16:34 A D:\My Documents\USIL\affiliate modules\new_vls\flash\numbers.htm <-- Learn Spanish Today /home/webadmin/learnspanishtoday.com/html/new_vls/flash numbers.htm
2004.04.21 16:34 B D:\My Documents\USIL\affiliate modules\new_vls\flash\numbers.swf <-- Learn Spanish Today /home/webadmin/learnspanishtoday.com/html/new_vls/flash numbers.swf
2004.04.21 16:34 A D:\My Documents\USIL\affiliate modules\new_vls\flash\rentacar.htm <-- Learn Spanish Today /home/webadmin/learnspanishtoday.com/html/new_vls/flash rentacar.htm
2004.04.21 16:34 B D:\My Documents\USIL\affiliate modules\new_vls\flash\rentacar.swf <-- Learn Spanish Today /home/webadmin/learnspanishtoday.com/html/new_vls/flash rentacar.swf
2004.04.21 16:34 A D:\My Documents\USIL\affiliate modules\new_vls\flash\restaurant.htm <-- Learn Spanish Today /home/webadmin/learnspanishtoday.com/html/new_vls/flash restaurant.htm
2004.04.21 16:34 B D:\My Documents\USIL\affiliate modules\new_vls\flash\restaurant.swf <-- Learn Spanish Today /home/webadmin/learnspanishtoday.com/html/new_vls/flash restaurant.swf
2004.04.21 16:34 A D:\My Documents\USIL\affiliate modules\new_vls\flash\sports_hobbies.htm <-- Learn Spanish Today /home/webadmin/learnspanishtoday.com/html/new_vls/flash sports_hobbies.htm
2004.04.21 16:35 B D:\My Documents\USIL\affiliate modules\new_vls\flash\sports_hobbies.swf <-- Learn Spanish Today /home/webadmin/learnspanishtoday.com/html/new_vls/flash sports_hobbies.swf
2004.04.21 16:35 A D:\My Documents\USIL\affiliate modules\new_vls\flash\verbs.htm <-- Learn Spanish Today /home/webadmin/learnspanishtoday.com/html/new_vls/flash verbs.htm
2004.04.21 16:35 B D:\My Documents\USIL\affiliate modules\new_vls\flash\verbs.swf <-- Learn Spanish Today /home/webadmin/learnspanishtoday.com/html/new_vls/flash verbs.swf
2004.04.22 09:03 A D:\My Documents\USIL\affiliate modules\new_vls\new_vls\new_vls\flash\15mnless.htm --> www.learnspanishtoday.com /home/webadmin/learnspanishtoday.com/html/new_vls/flash 15mnless.htm
2004.04.22 09:04 B D:\My Documents\USIL\affiliate modules\new_vls\new_vls\new_vls\flash\15mnless.swf --> www.learnspanishtoday.com /home/webadmin/learnspanishtoday.com/html/new_vls/flash 15mnless.swf
2004.04.22 09:04 A D:\My Documents\USIL\affiliate modules\new_vls\new_vls\new_vls\flash\about_program.htm --> www.learnspanishtoday.com /home/webadmin/learnspanishtoday.com/html/new_vls/flash about_program.htm
2004.04.22 09:04 A D:\My Documents\USIL\affiliate modules\new_vls\new_vls\new_vls\flash\advanced_demo.htm --> www.learnspanishtoday.com /home/webadmin/learnspanishtoday.com/html/new_vls/flash advanced_demo.htm
2004.04.22 09:05 B D:\My Documents\USIL\affiliate modules\new_vls\new_vls\new_vls\flash\advanced_demo.swf --> www.learnspanishtoday.com /home/webadmin/learnspanishtoday.com/html/new_vls/flash advanced_demo.swf
2004.04.22 09:05 A D:\My Documents\USIL\affiliate modules\new_vls\new_vls\new_vls\flash\bank.htm --> www.learnspanishtoday.com /home/webadmin/learnspanishtoday.com/html/new_vls/flash bank.htm
2004.04.22 09:05 B D:\My Documents\USIL\affiliate modules\new_vls\new_vls\new_vls\flash\bank.swf --> www.learnspanishtoday.com /home/webadmin/learnspanishtoday.com/html/new_vls/flash bank.swf
2004.04.22 09:05 A D:\My Documents\USIL\affiliate modules\new_vls\new_vls\new_vls\flash\colors.htm --> www.learnspanishtoday.com /home/webadmin/learnspanishtoday.com/html/new_vls/flash colors.htm
2004.04.22 09:05 B D:\My Documents\USIL\affiliate modules\new_vls\new_vls\new_vls\flash\colors.swf --> www.learnspanishtoday.com /home/webadmin/learnspanishtoday.com/html/new_vls/flash colors.swf
2004.04.22 09:05 A D:\My Documents\USIL\affiliate modules\new_vls\new_vls\new_vls\flash\daily_objects.htm --> www.learnspanishtoday.com /home/webadmin/learnspanishtoday.com/html/new_vls/flash daily_objects.htm
2004.04.22 09:05 B D:\My Documents\USIL\affiliate modules\new_vls\new_vls\new_vls\flash\daily_objects.swf --> www.learnspanishtoday.com /home/webadmin/learnspanishtoday.com/html/new_vls/flash daily_objects.swf
2004.04.22 09:05 A D:\My Documents\USIL\affiliate modules\new_vls\new_vls\new_vls\flash\free_cd.htm --> www.learnspanishtoday.com /home/webadmin/learnspanishtoday.com/html/new_vls/flash free_cd.htm
2004.04.22 09:05 A D:\My Documents\USIL\affiliate modules\new_vls\new_vls\new_vls\flash\free_cdrom2.htm --> www.learnspanishtoday.com /home/webadmin/learnspanishtoday.com/html/new_vls/flash free_cdrom2.htm
2004.04.22 09:06 A D:\My Documents\USIL\affiliate modules\new_vls\new_vls\new_vls\flash\guarantee.htm --> www.learnspanishtoday.com /home/webadmin/learnspanishtoday.com/html/new_vls/flash guarantee.htm
2004.04.22 09:06 A D:\My Documents\USIL\affiliate modules\new_vls\new_vls\new_vls\flash\locations.htm --> www.learnspanishtoday.com /home/webadmin/learnspanishtoday.com/html/new_vls/flash locations.htm
2004.04.22 09:06 B D:\My Documents\USIL\affiliate modules\new_vls\new_vls\new_vls\flash\locations.swf --> www.learnspanishtoday.com /home/webadmin/learnspanishtoday.com/html/new_vls/flash locations.swf
2004.04.22 09:06 A D:\My Documents\USIL\affiliate modules\new_vls\new_vls\new_vls\flash\more_spanish.htm --> www.learnspanishtoday.com /home/webadmin/learnspanishtoday.com/html/new_vls/flash more_spanish.htm
2004.04.22 09:06 A D:\My Documents\USIL\affiliate modules\new_vls\new_vls\new_vls\flash\numbers.htm --> www.learnspanishtoday.com /home/webadmin/learnspanishtoday.com/html/new_vls/flash numbers.htm
2004.04.22 09:06 B D:\My Documents\USIL\affiliate modules\new_vls\new_vls\new_vls\flash\numbers.swf --> www.learnspanishtoday.com /home/webadmin/learnspanishtoday.com/html/new_vls/flash numbers.swf
2004.04.22 09:06 A D:\My Documents\USIL\affiliate modules\new_vls\new_vls\new_vls\flash\rentacar.htm --> www.learnspanishtoday.com /home/webadmin/learnspanishtoday.com/html/new_vls/flash rentacar.htm
2004.04.22 09:07 B D:\My Documents\USIL\affiliate modules\new_vls\new_vls\new_vls\flash\rentacar.swf --> www.learnspanishtoday.com /home/webadmin/learnspanishtoday.com/html/new_vls/flash rentacar.swf
2004.04.22 09:07 A D:\My Documents\USIL\affiliate modules\new_vls\new_vls\new_vls\flash\restaurant.htm --> www.learnspanishtoday.com /home/webadmin/learnspanishtoday.com/html/new_vls/flash restaurant.htm
2004.04.22 09:07 B D:\My Documents\USIL\affiliate modules\new_vls\new_vls\new_vls\flash\restaurant.swf --> www.learnspanishtoday.com /home/webadmin/learnspanishtoday.com/html/new_vls/flash restaurant.swf
2004.04.22 09:07 A D:\My Documents\USIL\affiliate modules\new_vls\new_vls\new_vls\flash\sports_hobbies.htm --> www.learnspanishtoday.com /home/webadmin/learnspanishtoday.com/html/new_vls/flash sports_hobbies.htm
2004.04.22 09:07 B D:\My Documents\USIL\affiliate modules\new_vls\new_vls\new_vls\flash\sports_hobbies.swf --> www.learnspanishtoday.com /home/webadmin/learnspanishtoday.com/html/new_vls/flash sports_hobbies.swf
2004.04.22 09:07 A D:\My Documents\USIL\affiliate modules\new_vls\new_vls\new_vls\flash\verbs.htm --> www.learnspanishtoday.com /home/webadmin/learnspanishtoday.com/html/new_vls/flash verbs.htm
2004.04.22 09:08 B D:\My Documents\USIL\affiliate modules\new_vls\new_vls\new_vls\flash\verbs.swf --> www.learnspanishtoday.com /home/webadmin/learnspanishtoday.com/html/new_vls/flash verbs.swf
2004.05.17 16:01 B D:\My Documents\USIL\affiliate modules\hibrock\new_vls\flash\WS_FTP.LOG <-- Learn Spanish Today /home/webadmin/learnspanishtoday.com/html/new_vls/flash WS_FTP.LOG
